[2026-05-27 00:54:21] === Boot healthcheck START ===
[2026-05-27 00:54:21] Hardware discovered: battery=true nvidia=true nvme=true sata=false fans=true swap=true bt=true audio=true net=true usb=true
[2026-05-27 00:54:21] [warning] Errores de kernel en el arranque — 6447 línea(s) de error — revisa: journalctl -b -p err
[2026-05-27 00:54:21] [critical] NVMe SMART: fallo — /dev/nvme0: el estado SMART no es PASSED — revisa con: smartctl -a /dev/nvme0
[2026-05-27 00:54:21] [warning] Errores USB en el arranque — 1 error(s) USB en el journal — revisa: journalctl -b | grep -i 'usb.*error'
[2026-05-27 00:54:21] Healthcheck completado: 3 problema(s) notificado(s)
[2026-05-27 00:54:21] === Boot healthcheck END ===
[2026-05-27 00:55:09] === Boot healthcheck START ===
[2026-05-27 00:55:09] Hardware discovered: battery=true nvidia=true nvme=true sata=false fans=true swap=true bt=true audio=true net=true usb=true
[2026-05-27 00:55:09] [warning] Errores de kernel en el arranque — 6433 error(s) no triviales — revisa: journalctl -b -p err
[2026-05-27 00:55:09] [warning] Errores USB en el arranque — 1 error(s) USB en el journal — revisa: journalctl -b | grep -i 'usb.*error'
[2026-05-27 00:55:09] Healthcheck completado: 2 problema(s) notificado(s)
[2026-05-27 00:55:09] === Boot healthcheck END ===
[2026-05-27 00:56:26] === Boot healthcheck START ===
[2026-05-27 00:56:26] Hardware discovered: battery=true nvidia=true nvme=true sata=false fans=true swap=true bt=true audio=true net=true usb=true
[2026-05-27 00:56:26] [warning] Errores en el arranque — 13 fuente(s): +,209765:,209766:,209768:,216785:,216786:,216788:,AMD,dolphin,kernel:,(python),sudo,systemd-coredump — revisa: journalctl -b -p err
[2026-05-27 00:56:26] [warning] Errores USB en el arranque — 1 error(s) USB en el journal — revisa: journalctl -b | grep -i 'usb.*error'
[2026-05-27 00:56:26] Healthcheck completado: 2 problema(s) notificado(s)
[2026-05-27 00:56:26] === Boot healthcheck END ===
[2026-05-27 00:56:56] === Boot healthcheck START ===
[2026-05-27 00:56:56] Hardware discovered: battery=true nvidia=true nvme=true sata=false fans=true swap=true bt=true audio=true net=true usb=true
[2026-05-27 00:56:56] [warning] Errores en el arranque — 6 fuente(s) con errores: AMD,dolphin,kernel,python,sudo,systemd-coredump, — revisa: journalctl -b -p err
[2026-05-27 00:56:56] [warning] Errores USB en el arranque — 1 error(s) USB en el journal — revisa: journalctl -b | grep -i 'usb.*error'
[2026-05-27 00:56:56] Healthcheck completado: 2 problema(s) notificado(s)
[2026-05-27 00:56:56] === Boot healthcheck END ===
[2026-05-27 01:01:25] === Boot healthcheck START ===
[2026-05-27 01:01:25] Hardware discovered: battery=true nvidia=true nvme=true sata=false fans=true swap=true bt=true audio=true net=true usb=true
[2026-05-27 01:01:25] [warning] Errores en el arranque — 6 fuente(s) con errores: AMD,dolphin,kernel,python,sudo,systemd-coredump, — revisa: journalctl -b -p err
[2026-05-27 01:01:25] [warning] Fallo de suspensión/hibernación — El arranque anterior terminó de forma no limpia — reinicio forzado o watchdog detectado
[2026-05-27 01:01:25] [warning] Errores USB en el arranque — 1 error(s) USB en el journal — revisa: journalctl -b | grep -i 'usb.*error'
[2026-05-27 01:01:25] Healthcheck completado: 3 problema(s) notificado(s)
[2026-05-27 01:01:25] === Boot healthcheck END ===
[2026-05-27 01:04:20] === Boot healthcheck START ===
[2026-05-27 01:04:20] Hardware discovered: battery=true nvidia=true nvme=true sata=false fans=true swap=true bt=true audio=true net=true usb=true
[2026-05-27 01:04:20] [warning] Errores en el arranque — 6 fuente(s) con errores: AMD,dolphin,kernel,python,sudo,systemd-coredump, — revisa: journalctl -b -p err
[2026-05-27 01:04:20] [warning] Errores USB en el arranque — 1 error(s) USB en el journal — revisa: journalctl -b | grep -i 'usb.*error'
[2026-05-27 01:04:20] Healthcheck completado: 2 problema(s) notificado(s)
[2026-05-27 01:04:20] === Boot healthcheck END ===
[2026-05-27 01:12:19] === Boot healthcheck START ===
[2026-05-27 01:12:19] Hardware discovered: battery=true nvidia=true nvme=true sata=true fans=true swap=true bt=true audio=true net=true usb=true
[2026-05-27 01:12:19] [warning] Errores en el arranque — 3 fuente(s) con errores: kernel,python,systemctl, — revisa: journalctl -b -p err
[2026-05-27 01:12:19] Healthcheck completado: 1 problema(s) notificado(s)
[2026-05-27 01:12:19] === Boot healthcheck END ===
[2026-05-27 01:12:46] === Boot healthcheck START ===
[2026-05-27 01:12:46] Hardware discovered: battery=true nvidia=true nvme=true sata=true fans=true swap=true bt=true audio=true net=true usb=true
[2026-05-27 01:12:46] [warning] Errores en el arranque — 3 fuente(s) con errores: kernel,python,systemctl, — revisa: journalctl -b -p err
[2026-05-27 01:12:46] Healthcheck completado: 1 problema(s) notificado(s)
[2026-05-27 01:12:46] === Boot healthcheck END ===
[2026-05-27 01:14:17] === Boot healthcheck START ===
[2026-05-27 01:14:17] Hardware discovered: battery=true nvidia=true nvme=true sata=true fans=true swap=true bt=true audio=true net=true usb=true
[2026-05-27 01:14:17] [warning] Errores en el arranque — 3 fuente(s) con errores: kernel,python,systemctl, — revisa: journalctl -b -p err
[2026-05-27 01:14:17] Healthcheck completado: 1 problema(s) notificado(s)
[2026-05-27 01:14:17] === Boot healthcheck END ===
[2026-05-27 01:15:00] === Boot healthcheck START ===
[2026-05-27 01:15:00] Hardware discovered: battery=true nvidia=true nvme=true sata=true fans=true swap=true bt=true audio=true net=true usb=true
[2026-05-27 01:15:00] [warning] Errores en el arranque — 3 fuente(s) con errores: kernel,python,systemctl, — revisa: journalctl -b -p err
[2026-05-27 01:15:00] Healthcheck completado: 1 problema(s) notificado(s)
[2026-05-27 01:15:00] === Boot healthcheck END ===
[2026-05-27 01:15:33] === Boot healthcheck START ===
[2026-05-27 01:15:33] Hardware discovered: battery=true nvidia=true nvme=true sata=true fans=true swap=true bt=true audio=true net=true usb=true
[2026-05-27 01:15:33] [warning] Errores en el arranque — 3 fuente(s) con errores: kernel,python,systemctl, — revisa: journalctl -b -p err
[2026-05-27 01:15:33] Healthcheck completado: 1 problema(s) notificado(s)
[2026-05-27 01:15:33] === Boot healthcheck END ===
[2026-05-27 01:15:53] === Boot healthcheck START ===
[2026-05-27 01:15:53] Hardware discovered: battery=true nvidia=true nvme=true sata=true fans=true swap=true bt=true audio=true net=true usb=true
[2026-05-27 01:15:53] [warning] Errores en el arranque — 3 fuente(s) con errores: kernel,python,systemctl, — revisa: journalctl -b -p err
[2026-05-27 01:15:53] Healthcheck completado: 1 problema(s) notificado(s)
[2026-05-27 01:15:53] === Boot healthcheck END ===
[2026-06-13 15:54:23] === Boot healthcheck START ===
[2026-06-13 15:54:23] Hardware discovered: battery=true nvidia=true nvme=true sata=false fans=true swap=true bt=true audio=true net=true usb=true
[2026-06-13 15:54:23] [warning] Errores en el arranque — 2 fuente(s) con errores: kernel,python, — revisa: journalctl -b -p err
[2026-06-13 15:54:23] [critical] NVIDIA driver error — nvidia-smi falla — posible corrupción del driver o del módulo
[2026-06-13 15:54:23] [warning] Errores USB en el arranque — 1 error(s) USB en el journal — revisa: journalctl -b | grep -i 'usb.*error'
[2026-06-13 15:54:23] Healthcheck completado: 3 problema(s) notificado(s)
[2026-06-13 15:54:23] === Boot healthcheck END ===
[2026-06-13 15:55:22] === Boot healthcheck START ===
[2026-06-13 15:55:22] Hardware discovered: battery=true nvidia=true nvme=true sata=false fans=true swap=true bt=true audio=true net=true usb=true
[2026-06-13 15:55:22] [warning] Errores en el arranque — 2 fuente(s) con errores: kernel,python, — revisa: journalctl -b -p err
[2026-06-13 15:55:22] [warning] Errores USB en el arranque — 1 error(s) USB en el journal — revisa: journalctl -b | grep -i 'usb.*error'
[2026-06-13 15:55:22] Healthcheck completado: 2 problema(s) notificado(s)
[2026-06-13 15:55:22] === Boot healthcheck END ===
[2026-06-13 17:14:33] === Boot healthcheck START ===
[2026-06-13 17:14:33] Hardware discovered: battery=true nvidia=true nvme=true sata=false fans=true swap=true bt=true audio=true net=true usb=true
[2026-06-13 17:14:33] [warning] Errores en el arranque — 2 fuente(s) con errores: kernel,python, — revisa: journalctl -b -p err
[2026-06-13 17:14:33] Healthcheck completado: 1 problema(s) notificado(s)
[2026-06-13 17:14:33] === Boot healthcheck END ===
[2026-06-13 19:06:39] === Boot healthcheck START ===
[2026-06-13 19:06:39] Hardware discovered: battery=true nvidia=true nvme=true sata=false fans=true swap=true bt=true audio=true net=true usb=true
[2026-06-13 19:06:39] [warning] Errores en el arranque — 2 fuente(s) con errores: kernel,python, — revisa: journalctl -b -p err
[2026-06-13 19:06:39] Healthcheck completado: 1 problema(s) notificado(s)
[2026-06-13 19:06:39] === Boot healthcheck END ===
[2026-06-18 13:36:24] === Boot healthcheck START ===
[2026-06-18 13:36:24] Hardware discovered: battery=true nvidia=true nvme=true sata=false fans=true swap=true bt=true audio=true net=true usb=true
[2026-06-18 13:36:24] [warning] Errores en el arranque — 2 fuente(s) con errores: kernel,python, — revisa: journalctl -b -p err
[2026-06-18 13:36:24] Healthcheck completado: 1 problema(s) notificado(s)
[2026-06-18 13:36:24] === Boot healthcheck END ===
[2026-06-18 13:42:33] === Boot healthcheck START ===
[2026-06-18 13:42:33] Hardware discovered: battery=true nvidia=true nvme=true sata=true fans=true swap=true bt=true audio=true net=true usb=true
[2026-06-18 13:42:33] [warning] Errores en el arranque — 2 fuente(s) con errores: kernel,python, — revisa: journalctl -b -p err
[2026-06-18 13:42:33] Healthcheck completado: 1 problema(s) notificado(s)
[2026-06-18 13:42:33] === Boot healthcheck END ===
[2026-06-21 17:37:38] === Boot healthcheck START ===
[2026-06-21 17:37:38] Hardware discovered: battery=true nvidia=true nvme=true sata=false fans=true swap=true bt=true audio=true net=true usb=true
[2026-06-21 17:37:38] [warning] Errores en el arranque — 2 fuente(s) con errores: kernel,python, — revisa: journalctl -b -p err
[2026-06-21 17:37:38] [warning] Sin conectividad — No se puede alcanzar 1.1.1.1 (interfaces activas: wlan0)
[2026-06-21 17:37:38] Healthcheck completado: 2 problema(s) notificado(s)
[2026-06-21 17:37:38] === Boot healthcheck END ===
[2026-06-22 18:25:07] === Boot healthcheck START ===
[2026-06-22 18:25:07] Hardware discovered: battery=true nvidia=true nvme=true sata=true fans=true swap=true bt=true audio=true net=true usb=true
[2026-06-22 18:25:07] [critical] Servicios fallidos — 1 servicio(s) no arrancaron: ●
[2026-06-22 18:25:07] [warning] Errores en el arranque — 3 fuente(s) con errores: kernel,python,systemd, — revisa: journalctl -b -p err
[2026-06-22 18:25:07] Healthcheck completado: 2 problema(s) notificado(s)
[2026-06-22 18:25:07] === Boot healthcheck END ===
[2026-06-27 16:26:13] === Boot healthcheck START ===
[2026-06-27 16:26:13] Hardware discovered: battery=true nvidia=true nvme=true sata=false fans=true swap=true bt=true audio=true net=true usb=true
[2026-06-27 16:26:13] [warning] Errores en el arranque — 2 fuente(s) con errores: kernel,python, — revisa: journalctl -b -p err
[2026-06-27 16:26:13] Healthcheck completado: 1 problema(s) notificado(s)
[2026-06-27 16:26:13] === Boot healthcheck END ===
[2026-07-02 15:25:04] === Boot healthcheck START ===
[2026-07-02 15:25:04] Hardware discovered: battery=true nvidia=true nvme=true sata=false fans=true swap=true bt=true audio=true net=true usb=true
[2026-07-02 15:25:04] [warning] Errores en el arranque — 2 fuente(s) con errores: kernel,python, — revisa: journalctl -b -p err
[2026-07-02 15:25:04] Healthcheck completado: 1 problema(s) notificado(s)
[2026-07-02 15:25:04] === Boot healthcheck END ===
[2026-07-03 02:56:57] === Boot healthcheck START ===
[2026-07-03 02:56:57] Hardware discovered: battery=true nvidia=true nvme=true sata=false fans=true swap=true bt=true audio=true net=true usb=true
[2026-07-03 02:56:57] [warning] Errores en el arranque — 2 fuente(s) con errores: kernel,python, — revisa: journalctl -b -p err
[2026-07-03 02:56:57] Healthcheck completado: 1 problema(s) notificado(s)
[2026-07-03 02:56:57] === Boot healthcheck END ===
